<?xml version="1.0" encoding="UTF-8"?>
<!-- Generated by org.testng.reporters.JUnitXMLReporter -->
<testsuite hostname="vt-marinellid" ignored="1" name="Command line test" tests="4" failures="0" timestamp="2020-08-04T16:45:15 CEST" time="33.233" errors="0">
  <testcase name="ContextMenuTest" time="0.488" classname="allTests.TestsOnPage"/>
  <testcase name="dropDownTest" time="0.48" classname="allTests.TestsOnPage"/>
  <testcase name="forgotPasswordTest" time="1.339" classname="allTests.TestsOnPage"/>
  <testcase name="functionsCheckTests" time="1.398" classname="allTests.TestsOnPage"/>
  <testcase name="@BeforeSuite initReport" time="0.0" classname="base.BaseTest">
    <ignored/>
  </testcase> <!-- @BeforeSuite initReport -->
</testsuite> <!-- Command line test -->
