<?xml version="1.0" encoding="UTF-8"?>
<testng-results skipped="0" failed="0" ignored="1" total="5" passed="4">
  <reporter-output>
  </reporter-output>
  <suite name="Command line suite" duration-ms="33233" started-at="2020-08-04T16:44:42 CEST" finished-at="2020-08-04T16:45:15 CEST">
    <groups>
    </groups>
    <test name="Command line test" duration-ms="33233" started-at="2020-08-04T16:44:42 CEST" finished-at="2020-08-04T16:45:15 CEST">
      <class name="allTests.TestsOnPage">
        <test-method status="PASS" signature="initReport()[pri:0, instance:allTests.TestsOnPage@5f341870]" name="initReport" is-config="true" duration-ms="163" started-at="2020-08-04T16:44:42 CEST" finished-at="2020-08-04T16:44:42 CEST">
          <reporter-output>
          </reporter-output>
        </test-method> <!-- initReport -->
        <test-method status="PASS" signature="setUp()[pri:0, instance:allTests.TestsOnPage@5f341870]" name="setUp" is-config="true" duration-ms="27702" started-at="2020-08-04T16:44:42 CEST" finished-at="2020-08-04T16:45:10 CEST">
          <reporter-output>
          </reporter-output>
        </test-method> <!-- setUp -->
        <test-method status="PASS" signature="goHome()[pri:0, instance:allTests.TestsOnPage@5f341870]" name="goHome" is-config="true" duration-ms="241" started-at="2020-08-04T16:45:10 CEST" finished-at="2020-08-04T16:45:10 CEST">
          <reporter-output>
          </reporter-output>
        </test-method> <!-- goHome -->
        <test-method status="PASS" signature="ContextMenuTest()[pri:0, instance:allTests.TestsOnPage@5f341870]" name="ContextMenuTest" duration-ms="488" started-at="2020-08-04T16:45:10 CEST" finished-at="2020-08-04T16:45:10 CEST">
          <reporter-output>
          </reporter-output>
        </test-method> <!-- ContextMenuTest -->
        <test-method status="PASS" signature="goHome()[pri:0, instance:allTests.TestsOnPage@5f341870]" name="goHome" is-config="true" duration-ms="247" started-at="2020-08-04T16:45:10 CEST" finished-at="2020-08-04T16:45:11 CEST">
          <reporter-output>
          </reporter-output>
        </test-method> <!-- goHome -->
        <test-method status="PASS" signature="dropDownTest()[pri:0, instance:allTests.TestsOnPage@5f341870]" name="dropDownTest" duration-ms="480" started-at="2020-08-04T16:45:11 CEST" finished-at="2020-08-04T16:45:11 CEST">
          <reporter-output>
          </reporter-output>
        </test-method> <!-- dropDownTest -->
        <test-method status="PASS" signature="goHome()[pri:0, instance:allTests.TestsOnPage@5f341870]" name="goHome" is-config="true" duration-ms="206" started-at="2020-08-04T16:45:11 CEST" finished-at="2020-08-04T16:45:11 CEST">
          <reporter-output>
          </reporter-output>
        </test-method> <!-- goHome -->
        <test-method status="PASS" signature="forgotPasswordTest()[pri:0, instance:allTests.TestsOnPage@5f341870]" name="forgotPasswordTest" duration-ms="1339" started-at="2020-08-04T16:45:11 CEST" finished-at="2020-08-04T16:45:13 CEST">
          <reporter-output>
          </reporter-output>
        </test-method> <!-- forgotPasswordTest -->
        <test-method status="PASS" signature="goHome()[pri:0, instance:allTests.TestsOnPage@5f341870]" name="goHome" is-config="true" duration-ms="204" started-at="2020-08-04T16:45:13 CEST" finished-at="2020-08-04T16:45:13 CEST">
          <reporter-output>
          </reporter-output>
        </test-method> <!-- goHome -->
        <test-method status="PASS" signature="functionsCheckTests()[pri:0, instance:allTests.TestsOnPage@5f341870]" name="functionsCheckTests" duration-ms="1398" started-at="2020-08-04T16:45:13 CEST" finished-at="2020-08-04T16:45:14 CEST">
          <reporter-output>
          </reporter-output>
        </test-method> <!-- functionsCheckTests -->
        <test-method status="PASS" signature="tearDown()[pri:0, instance:allTests.TestsOnPage@5f341870]" name="tearDown" is-config="true" duration-ms="883" started-at="2020-08-04T16:45:14 CEST" finished-at="2020-08-04T16:45:15 CEST">
          <reporter-output>
          </reporter-output>
        </test-method> <!-- tearDown -->
      </class> <!-- allTests.TestsOnPage -->
    </test> <!-- Command line test -->
  </suite> <!-- Command line suite -->
</testng-results>
