<?xml version="1.0" encoding="UTF-8" ?>
<testsuite tests="4" failures="0" name="TestSuite" time="3.712" errors="0" skipped="0">
  <properties>
[...]
</properties>
  <testcase classname="allTests.TestsOnPage" name="ContextMenuTest" time="0.496"/>
  <testcase classname="allTests.TestsOnPage" name="dropDownTest" time="0.48"/>
  <testcase classname="allTests.TestsOnPage" name="forgotPasswordTest" time="1.338"/>
  <testcase classname="allTests.TestsOnPage" name="functionsCheckTests" time="1.398"/>
</testsuite>